c:\development\sdl_gametemplate\sdl_gametemplate\x64\debug\vc142.pdb
c:\development\sdl_gametemplate\sdl_gametemplate\x64\debug\vc142.idb
c:\development\sdl_gametemplate\sdl_gametemplate\x64\debug\zombie.obj
c:\development\sdl_gametemplate\sdl_gametemplate\x64\debug\vector2d.obj
c:\development\sdl_gametemplate\sdl_gametemplate\x64\debug\tile.obj
c:\development\sdl_gametemplate\sdl_gametemplate\x64\debug\texturemanager.obj
c:\development\sdl_gametemplate\sdl_gametemplate\x64\debug\score.obj
c:\development\sdl_gametemplate\sdl_gametemplate\x64\debug\projectile.obj
c:\development\sdl_gametemplate\sdl_gametemplate\x64\debug\player.obj
c:\development\sdl_gametemplate\sdl_gametemplate\x64\debug\map.obj
c:\development\sdl_gametemplate\sdl_gametemplate\x64\debug\main.obj
c:\development\sdl_gametemplate\sdl_gametemplate\x64\debug\gameobject.obj
c:\development\sdl_gametemplate\sdl_gametemplate\x64\debug\game.obj
c:\development\sdl_gametemplate\sdl_gametemplate\x64\debug\movement.obj
c:\development\sdl_gametemplate\sdl_gametemplate\x64\debug\lives.obj
c:\development\sdl_gametemplate\sdl_gametemplate\x64\debug\entity.obj
c:\development\sdl_gametemplate\x64\debug\sdl_gametemplate.exe
c:\development\sdl_gametemplate\x64\debug\sdl_gametemplate.ilk
c:\development\sdl_gametemplate\x64\debug\sdl_gametemplate.pdb
c:\development\sdl_gametemplate\sdl_gametemplate\x64\debug\sdl_gametemplate.tlog\cl.command.1.tlog
c:\development\sdl_gametemplate\sdl_gametemplate\x64\debug\sdl_gametemplate.tlog\cl.read.1.tlog
c:\development\sdl_gametemplate\sdl_gametemplate\x64\debug\sdl_gametemplate.tlog\cl.write.1.tlog
c:\development\sdl_gametemplate\sdl_gametemplate\x64\debug\sdl_gametemplate.tlog\link.command.1.tlog
c:\development\sdl_gametemplate\sdl_gametemplate\x64\debug\sdl_gametemplate.tlog\link.read.1.tlog
c:\development\sdl_gametemplate\sdl_gametemplate\x64\debug\sdl_gametemplate.tlog\link.write.1.tlog
